<?xml version="1.0" encoding="UTF-8"?>
<!-- Generated by org.testng.reporters.JUnitXMLReporter -->
<testsuite ignored="0" hostname="TYUDM" failures="0" tests="3" name="Alerts Test" time="17.056" errors="0" timestamp="22 Nov 2019 14:44:46 GMT">
  <testcase classname="AlertsPage.AlertsTests" name="JSAlertTest" time="0.587"/>
  <testcase classname="AlertsPage.AlertsTests" name="JSConfirmAlert" time="0.475"/>
  <testcase classname="AlertsPage.AlertsTests" name="testSetInputInAlert" time="0.443"/>
</testsuite> <!-- Alerts Test -->
