<?xml version="1.0" encoding="UTF-8"?>
<!-- Generated by org.testng.reporters.JUnitXMLReporter -->
<testsuite ignored="0" hostname="TYUDM" failures="0" tests="4" name="FireFox Tests" time="19.869" errors="0" timestamp="22 Nov 2019 14:48:02 GMT">
  <testcase classname="AlertsPage.AlertsTests" name="JSAlertTest" time="0.476"/>
  <testcase classname="AlertsPage.AlertsTests" name="JSConfirmAlert" time="0.635"/>
  <testcase classname="AlertsPage.AlertsTests" name="testSetInputInAlert" time="0.447"/>
  <testcase classname="ModalWindow.ModalTests" name="closeTestModal" time="3.022"/>
</testsuite> <!-- FireFox Tests -->
