<?xml version="1.0" encoding="UTF-8"?>
<!-- Generated by org.testng.reporters.JUnitXMLReporter -->
<testsuite ignored="1" hostname="TYUDM" failures="0" tests="2" name="Frames Test" time="15.07" errors="0" timestamp="22 Nov 2019 14:45:31 GMT">
  <testcase classname="Frames.FramesTests" name="ParagraphTest" time="1.285"/>
  <testcase classname="Frames.NestedFramesTests" name="BottomFrameTest" time="0.962"/>
  <testcase classname="Frames.NestedFramesTests" name="LeftFrameTest" time="0.0">
    <ignored/>
  </testcase> <!-- LeftFrameTest -->
</testsuite> <!-- Frames Test -->
