<?xml version="1.0" encoding="UTF-8"?>
<!-- Generated by org.testng.reporters.JUnitXMLReporter -->
<testsuite ignored="0" hostname="TYUDM" failures="0" tests="5" name="JS Test" time="17.157" errors="0" timestamp="22 Nov 2019 14:45:56 GMT">
  <testcase classname="javaScript.JavaScriptTests" name="testScrollToTable" time="0.991"/>
  <testcase classname="javaScript.JavaScriptTests" name="testDomain" time="0.903"/>
  <testcase classname="javaScript.JavaScriptTests" name="testScrollToButtom" time="0.88"/>
  <testcase classname="javaScript.JavaScriptTests" name="testScrollToFifthParagraph" time="1.527"/>
  <testcase classname="javaScript.JavaScriptTests" name="testSelectOption" time="0.841"/>
</testsuite> <!-- JS Test -->
