<?xml version="1.0" encoding="UTF-8"?>
<!-- Generated by org.testng.reporters.JUnitXMLReporter -->
<testsuite ignored="0" hostname="TYUDM" failures="0" tests="3" name="Keys Test" time="18.817" errors="0" timestamp="22 Nov 2019 14:46:15 GMT">
  <testcase classname="keys.KeysTests" name="testBackSpace" time="0.771"/>
  <testcase classname="keys.KeysTests" name="testPi" time="0.45"/>
  <testcase classname="keys.MultiplyWindows" name="FactExampleTests" time="2.233"/>
</testsuite> <!-- Keys Test -->
