<?xml version="1.0" encoding="UTF-8"?>
<!-- Generated by org.testng.reporters.JUnitXMLReporter -->
<testsuite ignored="1" hostname="TYUDM" failures="1" tests="2" name="Login Test" time="10.194" errors="0" timestamp="22 Nov 2019 14:46:25 GMT">
  <testcase classname="login.LoginTests" name="testSuccessfulLogin" time="1.399"/>
  <testcase classname="login.LoginTests" name="testSuccessfulLogin" time="0.986">
    <failure type="java.lang.AssertionError" message="Alert text is incorrect! expected [true] but found [false]">
      <![CDATA[java.lang.AssertionError: Alert text is incorrect! expected [true] but found [false]
	at login.LoginTests.testSuccessfulLogin(LoginTests.java:22)
... Removed 28 stack frames]]>
    </failure>
  </testcase> <!-- testSuccessfulLogin -->
  <testcase classname="login.LoginTests" name="testSuccessfulLogin2" time="0.0">
    <ignored/>
  </testcase> <!-- testSuccessfulLogin2 -->
</testsuite> <!-- Login Test -->
