<?xml version="1.0" encoding="UTF-8"?>
<!-- Generated by org.testng.reporters.JUnitXMLReporter -->
<testsuite ignored="0" hostname="TYUDM" failures="1" tests="2" name="Navigation Test" time="14.181" errors="0" timestamp="22 Nov 2019 14:46:51 GMT">
  <testcase classname="navigation.NavigationTests" name="testNavigator" time="3.596">
    <failure type="java.lang.AssertionError" message="The following asserts failed:
	The Welcome Link Is Not Correct On The Home Page expected [false] but found [true],
	The Dashboard Is Not Correct On The Home Page expected [true] but found [false]">
      <![CDATA[java.lang.AssertionError: The following asserts failed:
	The Welcome Link Is Not Correct On The Home Page expected [false] but found [true],
	The Dashboard Is Not Correct On The Home Page expected [true] but found [false]
	at navigation.NavigationTests.testNavigator(NavigationTests.java:31)
... Removed 26 stack frames]]>
    </failure>
  </testcase> <!-- testNavigator -->
  <testcase classname="navigation.NavigationTests" name="testSwitchTab" time="1.473"/>
</testsuite> <!-- Navigation Test -->
