<?xml version="1.0" encoding="UTF-8"?>
<!-- Generated by org.testng.reporters.JUnitXMLReporter -->
<testsuite ignored="0" hostname="TYUDM" failures="0" tests="3" name="Wait Test" time="36.338" errors="0" timestamp="22 Nov 2019 14:47:42 GMT">
  <testcase classname="Wait.FluentWait" name="testWaitUntilHidden" time="5.994"/>
  <testcase classname="Wait.WaitFactExercise" name="FactTest" time="5.787"/>
  <testcase classname="Wait.WaitTests" name="testWaitUntilHidden" time="6.105"/>
</testsuite> <!-- Wait Test -->
