<?xml version="1.0" encoding="UTF-8"?>
<testsuite name="JS Test"
           tests="5"
           failures="0"
           errors="0"
           skipped="0"
           time="4.619">
  <properties />
  
  
            <testcase name="testSelectOption" time="0.902" classname="javaScript.JavaScriptTests" />
                <testcase name="testScrollToTable" time="0.922" classname="javaScript.JavaScriptTests" />
                <testcase name="testDomain" time="0.700" classname="javaScript.JavaScriptTests" />
                <testcase name="testScrollToButtom" time="0.833" classname="javaScript.JavaScriptTests" />
                <testcase name="testScrollToFifthParagraph" time="1.262" classname="javaScript.JavaScriptTests" />
      
</testsuite>
