<?xml version="1.0" encoding="UTF-8"?>
<testsuite name="JS Test"
           tests="5"
           failures="0"
           errors="0"
           skipped="0"
           time="4.234">
  <properties />
  
  
            <testcase name="testDomain" time="0.691" classname="javaScript.JavaScriptTests" />
                <testcase name="testScrollToButtom" time="0.663" classname="javaScript.JavaScriptTests" />
                <testcase name="testScrollToFifthParagraph" time="1.238" classname="javaScript.JavaScriptTests" />
                <testcase name="testSelectOption" time="0.751" classname="javaScript.JavaScriptTests" />
                <testcase name="testScrollToTable" time="0.891" classname="javaScript.JavaScriptTests" />
      
</testsuite>
