<?xml version="1.0" encoding="UTF-8"?>
<testsuite name="Alerts Test"
           tests="3"
           failures="0"
           errors="0"
           skipped="0"
           time="1.440">
  <properties />
  
  
            <testcase name="testSetInputInAlert" time="0.426" classname="AlertsPage.AlertsTests" />
                <testcase name="JSAlertTest" time="0.601" classname="AlertsPage.AlertsTests" />
                <testcase name="JSConfirmAlert" time="0.413" classname="AlertsPage.AlertsTests" />
      
</testsuite>
