<?xml version="1.0" encoding="UTF-8"?>
<testsuite xmlns:xsi="http://www.w3.org/2001/XMLSchema-instance" xsi:noNamespaceSchemaLocation="https://maven.apache.org/surefire/maven-surefire-plugin/xsd/surefire-test-report-3.0.xsd" version="3.0" name="TestSuite" time="65.215" tests="29" errors="0" skipped="0" failures="2">
  <properties>
[...]
</properties>
  <testcase name="testDeleteCookie" classname="Cookies.CookiesTests" time="0.37"/>
  <testcase name="JSAlertTest" classname="AlertsPage.AlertsTests" time="0.606"/>
  <testcase name="testRightClick" classname="contextMenu.ContextTests" time="0.793"/>
  <testcase name="testSelectOption" classname="dropdown.DropdownTests" time="0.933"/>
  <testcase name="testSendingEmail" classname="forgotPassword.forgotPasswordTests" time="0.291"/>
  <testcase name="JSConfirmAlert" classname="AlertsPage.AlertsTests" time="0.499"/>
  <testcase name="testSetInputInAlert" classname="AlertsPage.AlertsTests" time="0.549"/>
  <testcase name="testBackSpace" classname="keys.KeysTests" time="0.473"/>
  <testcase name="ParagraphTest" classname="Frames.FramesTests" time="0.499"/>
  <testcase name="testScrollToTable" classname="javaScript.JavaScriptTests" time="0.163"/>
  <testcase name="testHoverUser1" classname="hover.HoverTests" time="0.174"/>
  <testcase name="testPi" classname="keys.KeysTests" time="0.381"/>
  <testcase name="testSuccessfulLogin" classname="login.LoginTests" time="0.539"/>
  <testcase name="testSuccessfulLogin" classname="login.LoginTests" time="0.971">
    <failure message="Alert text is incorrect! expected [true] but found [false]" type="java.lang.AssertionError">java.lang.AssertionError: Alert text is incorrect! expected [true] but found [false]
	at login.LoginTests.testSuccessfulLogin(LoginTests.java:23)
</failure>
  </testcase>
  <testcase name="testDomain" classname="javaScript.JavaScriptTests" time="0.701"/>
  <testcase name="testScrollToButtom" classname="javaScript.JavaScriptTests" time="0.836"/>
  <testcase name="testScrollToFifthParagraph" classname="javaScript.JavaScriptTests" time="1.264"/>
  <testcase name="testSelectOption" classname="javaScript.JavaScriptTests" time="0.904"/>
  <testcase name="testSuccessfulLogin3Parameters" classname="login.LoginTests" time="0.747"/>
  <testcase name="BottomFrameTest" classname="Frames.NestedFramesTests" time="1.187"/>
  <testcase name="FactExampleTests" classname="keys.MultiplyWindows" time="1.515"/>
  <testcase name="closeTestModal" classname="ModalWindow.ModalTests" time="2.89"/>
  <testcase name="testNavigator" classname="navigation.NavigationTests" time="1.979">
    <failure message="The following asserts failed:&#10;	The Welcome Link Is Not Correct On The Home Page expected [false] but found [true],&#10;	The Dashboard Is Not Correct On The Home Page expected [true] but found [false]" type="java.lang.AssertionError">java.lang.AssertionError: 
The following asserts failed:
	The Welcome Link Is Not Correct On The Home Page expected [false] but found [true],
	The Dashboard Is Not Correct On The Home Page expected [true] but found [false]
	at navigation.NavigationTests.testNavigator(NavigationTests.java:31)
</failure>
    <system-out><![CDATA[URL: https://the-internet.herokuapp.com/
URL: https://the-internet.herokuapp.com/
URL: https://the-internet.herokuapp.com/
URL: https://the-internet.herokuapp.com/
Screenshot taken: C:\Users\tyudm\AppData\Local\Temp\screenshot507439165806858673.png
Clicking on Dynamic Loading
Clicking on Example 1: Element on page that is hidden
URL: https://google.com
3. Verify Welcome Link
4. Verify Admin Tab
5. Verify Dashboard
]]></system-out>
    <system-err><![CDATA[Dec 03, 2019 3:18:41 PM org.openqa.selenium.remote.ProtocolHandshake createSession
INFO: Detected dialect: W3C
Dec 03, 2019 3:18:41 PM org.openqa.selenium.remote.ProtocolHandshake createSession
INFO: Detected dialect: W3C
Dec 03, 2019 3:18:41 PM org.openqa.selenium.remote.ProtocolHandshake createSession
INFO: Detected dialect: W3C
]]></system-err>
  </testcase>
  <testcase name="setSliderNumberFour" classname="Slider.sliderTests" time="0.846"/>
  <testcase name="testFileUpload" classname="UploadFile.UploadFileTests" time="0.88"/>
  <testcase name="testSwitchTab" classname="navigation.NavigationTests" time="1.481"/>
  <testcase name="testWaitUntilHidden" classname="Wait.FluentWait" time="5.924"/>
  <testcase name="FactTest" classname="Wait.WaitFactExercise" time="5.752"/>
  <testcase name="testWaitUntilHidden" classname="Wait.WaitTests" time="6.144"/>
</testsuite>