<?xml version="1.0" encoding="UTF-8"?>
<!-- Generated by org.testng.reporters.JUnitXMLReporter -->
<testsuite ignored="0" hostname="TYUDM" failures="0" tests="3" name="Alerts Test" time="92.42" errors="0" timestamp="27 Nov 2019 10:16:19 GMT">
  <testcase classname="AlertsPage.AlertsTests" name="JSAlertTest" time="11.66"/>
  <testcase classname="AlertsPage.AlertsTests" name="JSConfirmAlert" time="7.325"/>
  <testcase classname="AlertsPage.AlertsTests" name="testSetInputInAlert" time="7.397"/>
</testsuite> <!-- Alerts Test -->
