<?xml version="1.0" encoding="UTF-8"?>
<!-- Generated by org.testng.reporters.JUnitXMLReporter -->
<testsuite ignored="0" hostname="TYUDM" failures="0" tests="3" name="Alerts Test" time="84.301" errors="0" timestamp="27 Nov 2019 11:05:43 GMT">
  <testcase classname="AlertsPage.AlertsTests" name="JSAlertTest" time="7.02"/>
  <testcase classname="AlertsPage.AlertsTests" name="JSConfirmAlert" time="7.07"/>
  <testcase classname="AlertsPage.AlertsTests" name="testSetInputInAlert" time="7.109"/>
</testsuite> <!-- Alerts Test -->
