<?xml version="1.0" encoding="UTF-8"?>
<!-- Generated by org.testng.reporters.JUnitXMLReporter -->
<testsuite ignored="0" hostname="TYUDM" failures="0" tests="4" name="FireFox Tests" time="21.474" errors="0" timestamp="26 Nov 2019 16:56:33 GMT">
  <testcase classname="AlertsPage.AlertsTests" name="JSAlertTest" time="0.685"/>
  <testcase classname="AlertsPage.AlertsTests" name="JSConfirmAlert" time="0.772"/>
  <testcase classname="AlertsPage.AlertsTests" name="testSetInputInAlert" time="0.652"/>
  <testcase classname="ModalWindow.ModalTests" name="closeTestModal" time="3.189"/>
</testsuite> <!-- FireFox Tests -->
