<?xml version="1.0" encoding="UTF-8"?>
<!-- Generated by org.testng.reporters.JUnitXMLReporter -->
<testsuite ignored="1" hostname="TYUDM" failures="0" tests="2" name="Frames Test" time="18.34" errors="0" timestamp="03 Dec 2019 13:03:56 GMT">
  <testcase classname="Frames.FramesTests" name="ParagraphTest" time="1.57"/>
  <testcase classname="Frames.NestedFramesTests" name="BottomFrameTest" time="1.244"/>
  <testcase classname="Frames.NestedFramesTests" name="LeftFrameTest" time="0.0">
    <ignored/>
  </testcase> <!-- LeftFrameTest -->
</testsuite> <!-- Frames Test -->
