<?xml version="1.0" encoding="UTF-8"?>
<!-- Generated by org.testng.reporters.JUnitXMLReporter -->
<testsuite ignored="1" hostname="TYUDM" failures="0" tests="2" name="Frames Test" time="7.912" errors="0" timestamp="27 Nov 2019 13:40:19 GMT">
  <testcase classname="Frames.NestedFramesTests" name="BottomFrameTest" time="0.982"/>
  <testcase classname="Frames.FramesTests" name="ParagraphTest" time="1.242"/>
  <testcase classname="Frames.NestedFramesTests" name="LeftFrameTest" time="0.0">
    <ignored/>
  </testcase> <!-- LeftFrameTest -->
</testsuite> <!-- Frames Test -->
