<?xml version="1.0" encoding="UTF-8"?>
<!-- Generated by org.testng.reporters.JUnitXMLReporter -->
<testsuite ignored="0" hostname="TYUDM" failures="0" tests="5" name="JS Test" time="13.678" errors="0" timestamp="03 Dec 2019 13:18:36 GMT">
  <testcase classname="javaScript.JavaScriptTests" name="testScrollToTable" time="0.922"/>
  <testcase classname="javaScript.JavaScriptTests" name="testDomain" time="0.7"/>
  <testcase classname="javaScript.JavaScriptTests" name="testScrollToButtom" time="0.833"/>
  <testcase classname="javaScript.JavaScriptTests" name="testScrollToFifthParagraph" time="1.262"/>
  <testcase classname="javaScript.JavaScriptTests" name="testSelectOption" time="0.902"/>
</testsuite> <!-- JS Test -->
