<?xml version="1.0" encoding="UTF-8"?>
<!-- Generated by org.testng.reporters.JUnitXMLReporter -->
<testsuite ignored="0" hostname="TYUDM" failures="0" tests="5" name="JS Test" time="12.22" errors="0" timestamp="26 Nov 2019 16:55:03 GMT">
  <testcase classname="javaScript.JavaScriptTests" name="testScrollToTable" time="0.891"/>
  <testcase classname="javaScript.JavaScriptTests" name="testDomain" time="0.691"/>
  <testcase classname="javaScript.JavaScriptTests" name="testScrollToButtom" time="0.663"/>
  <testcase classname="javaScript.JavaScriptTests" name="testScrollToFifthParagraph" time="1.238"/>
  <testcase classname="javaScript.JavaScriptTests" name="testSelectOption" time="0.751"/>
</testsuite> <!-- JS Test -->
