<?xml version="1.0" encoding="UTF-8"?>
<!-- Generated by org.testng.reporters.JUnitXMLReporter -->
<testsuite ignored="0" hostname="TYUDM" failures="0" tests="3" name="Keys Test" time="7.693" errors="0" timestamp="26 Nov 2019 16:55:11 GMT">
  <testcase classname="keys.KeysTests" name="testBackSpace" time="0.517"/>
  <testcase classname="keys.KeysTests" name="testPi" time="0.376"/>
  <testcase classname="keys.MultiplyWindows" name="FactExampleTests" time="1.595"/>
</testsuite> <!-- Keys Test -->
