<?xml version="1.0" encoding="UTF-8"?>
<!-- Generated by org.testng.reporters.JUnitXMLReporter -->
<testsuite ignored="0" hostname="TYUDM" failures="0" tests="3" name="Keys Test" time="17.735" errors="0" timestamp="03 Dec 2019 13:03:56 GMT">
  <testcase classname="keys.KeysTests" name="testBackSpace" time="0.531"/>
  <testcase classname="keys.KeysTests" name="testPi" time="0.413"/>
  <testcase classname="keys.MultiplyWindows" name="FactExampleTests" time="1.568"/>
</testsuite> <!-- Keys Test -->
