<?xml version="1.0" encoding="UTF-8"?>
<!-- Generated by org.testng.reporters.JUnitXMLReporter -->
<testsuite ignored="2" hostname="TYUDM" failures="0" tests="1" name="LoginParameters Test" time="9.598" errors="0" timestamp="03 Dec 2019 13:03:56 GMT">
  <testcase classname="login.LoginTests" name="testSuccessfulLogin3Parameters" time="1.322"/>
  <testcase classname="login.LoginTests" name="testSuccessfulLogin" time="0.0">
    <ignored/>
  </testcase> <!-- testSuccessfulLogin -->
  <testcase classname="login.LoginTests" name="testSuccessfulLogin2" time="0.0">
    <ignored/>
  </testcase> <!-- testSuccessfulLogin2 -->
</testsuite> <!-- LoginParameters Test -->
