<?xml version="1.0" encoding="UTF-8"?>
<!-- Generated by org.testng.reporters.JUnitXMLReporter -->
<testsuite ignored="2" hostname="TYUDM" failures="1" tests="2" name="Login Test" time="11.671" errors="0" timestamp="03 Dec 2019 13:03:51 GMT">
  <testcase classname="login.LoginTests" name="testSuccessfulLogin" time="1.275"/>
  <testcase classname="login.LoginTests" name="testSuccessfulLogin" time="1.82">
    <failure type="java.lang.AssertionError" message="Alert text is incorrect! expected [true] but found [false]">
      <![CDATA[java.lang.AssertionError: Alert text is incorrect! expected [true] but found [false]
	at login.LoginTests.testSuccessfulLogin(LoginTests.java:23)
	at java.base/java.util.concurrent.FutureTask.run(FutureTask.java:264)
	at java.base/java.util.concurrent.ThreadPoolExecutor.runWorker(ThreadPoolExecutor.java:1128)
	at java.base/java.util.concurrent.ThreadPoolExecutor$Worker.run(ThreadPoolExecutor.java:628)
	at java.base/java.lang.Thread.run(Thread.java:834)
... Removed 19 stack frames]]>
    </failure>
  </testcase> <!-- testSuccessfulLogin -->
  <testcase classname="login.LoginTests" name="testSuccessfulLogin3Parameters" time="0.0">
    <ignored/>
  </testcase> <!-- testSuccessfulLogin3Parameters -->
  <testcase classname="login.LoginTests" name="testSuccessfulLogin2" time="0.0">
    <ignored/>
  </testcase> <!-- testSuccessfulLogin2 -->
</testsuite> <!-- Login Test -->
