<?xml version="1.0" encoding="UTF-8"?>
<!-- Generated by org.testng.reporters.JUnitXMLReporter -->
<testsuite ignored="0" hostname="TYUDM" failures="1" tests="2" name="Navigation Test" time="10.913" errors="0" timestamp="03 Dec 2019 13:18:47 GMT">
  <testcase classname="navigation.NavigationTests" name="testNavigator" time="1.977">
    <failure type="java.lang.AssertionError" message="The following asserts failed:
	The Welcome Link Is Not Correct On The Home Page expected [false] but found [true],
	The Dashboard Is Not Correct On The Home Page expected [true] but found [false]">
      <![CDATA[java.lang.AssertionError: The following asserts failed:
	The Welcome Link Is Not Correct On The Home Page expected [false] but found [true],
	The Dashboard Is Not Correct On The Home Page expected [true] but found [false]
	at navigation.NavigationTests.testNavigator(NavigationTests.java:31)
	at java.base/java.util.concurrent.FutureTask.run(FutureTask.java:264)
	at java.base/java.util.concurrent.ThreadPoolExecutor.runWorker(ThreadPoolExecutor.java:1128)
	at java.base/java.util.concurrent.ThreadPoolExecutor$Worker.run(ThreadPoolExecutor.java:628)
	at java.base/java.lang.Thread.run(Thread.java:834)
... Removed 17 stack frames]]>
    </failure>
  </testcase> <!-- testNavigator -->
  <testcase classname="navigation.NavigationTests" name="testSwitchTab" time="1.708"/>
</testsuite> <!-- Navigation Test -->
