<?xml version="1.0" encoding="UTF-8"?>
<!-- Generated by org.testng.reporters.JUnitXMLReporter -->
<testsuite ignored="0" hostname="TYUDM" failures="0" tests="3" name="Wait Test" time="12.331" errors="0" timestamp="26 Nov 2019 16:56:11 GMT">
  <testcase classname="Wait.WaitFactExercise" name="FactTest" time="5.847"/>
  <testcase classname="Wait.WaitTests" name="testWaitUntilHidden" time="6.134"/>
  <testcase classname="Wait.FluentWait" name="testWaitUntilHidden" time="5.94"/>
</testsuite> <!-- Wait Test -->
