<?xml version="1.0" encoding="UTF-8"?>
<!-- Generated by org.testng.reporters.JUnitXMLReporter -->
<testsuite ignored="0" hostname="TYUDM" failures="0" tests="3" name="Wait Test" time="36.013" errors="0" timestamp="03 Dec 2019 13:19:14 GMT">
  <testcase classname="Wait.FluentWait" name="testWaitUntilHidden" time="6.06"/>
  <testcase classname="Wait.WaitFactExercise" name="FactTest" time="5.753"/>
  <testcase classname="Wait.WaitTests" name="testWaitUntilHidden" time="6.145"/>
</testsuite> <!-- Wait Test -->
